SF:lib\features\manage_cards\data\datasources\manage_cards_local_data_source.dart
DA:35,0
DA:39,0
DA:42,0
DA:43,0
DA:45,0
DA:49,0
DA:52,0
DA:53,0
DA:55,0
DA:60,0
DA:61,0
DA:62,0
DA:64,0
DA:67,0
DA:70,0
DA:71,0
DA:72,0
DA:74,0
LF:18
LH:0
end_of_record
SF:lib\features\manage_cards\data\models\card_model.dart
DA:11,1
DA:25,0
DA:26,0
DA:29,0
DA:30,0
DA:31,0
DA:32,0
DA:33,0
DA:34,0
DA:35,0
LF:10
LH:1
end_of_record
SF:lib\features\manage_cards\data\models\card_model.g.dart
DA:13,0
DA:15,0
DA:16,0
DA:17,0
DA:19,0
DA:20,0
DA:21,0
DA:22,0
DA:23,0
DA:24,0
DA:28,0
DA:31,0
DA:32,0
DA:33,0
DA:34,0
DA:35,0
DA:36,0
DA:37,0
DA:38,0
DA:39,0
DA:40,0
DA:41,0
DA:44,0
DA:45,0
DA:47,0
DA:50,0
DA:51,0
DA:52,0
DA:59,0
DA:60,0
DA:61,0
DA:62,0
DA:63,0
DA:64,0
DA:65,0
DA:68,0
DA:69,0
DA:70,0
DA:71,0
DA:72,0
DA:73,0
DA:74,0
LF:42
LH:0
end_of_record
SF:lib\features\manage_cards\domain\entities\card.dart
DA:5,1
DA:28,0
DA:29,0
DA:30,0
DA:31,0
DA:32,0
DA:33,0
DA:34,0
LF:8
LH:1
end_of_record
SF:lib\core\usecases\usecase.dart
DA:10,1
DA:11,1
LF:2
LH:2
end_of_record
SF:lib\core\error\failures.dart
DA:4,5
DA:5,5
LF:2
LH:2
end_of_record
SF:lib\core\network\network_info.dart
DA:8,0
DA:10,0
DA:11,0
LF:3
LH:0
end_of_record
SF:lib\core\network\network_service.dart
DA:7,0
DA:8,0
DA:12,0
DA:13,0
DA:17,0
DA:18,0
DA:22,0
DA:23,0
DA:24,0
DA:27,0
DA:29,0
DA:31,0
LF:12
LH:0
end_of_record
SF:lib\features\currency\data\datasources\currency_remote_data_source.dart
DA:87,0
DA:91,0
DA:92,0
LF:3
LH:0
end_of_record
SF:lib\features\currency\data\repositories\currency_repository_impl.dart
DA:14,0
DA:19,0
DA:22,0
DA:23,0
DA:24,0
DA:25,0
DA:28,0
LF:7
LH:0
end_of_record
SF:lib\features\currency\domain\usecases\get_total_spent_usecase.dart
DA:16,0
DA:29,0
DA:30,0
DA:32,0
DA:33,0
DA:35,0
DA:38,0
DA:40,0
DA:42,0
DA:43,0
DA:46,0
DA:47,0
DA:49,0
LF:13
LH:0
end_of_record
SF:lib\features\transactions\domain\entities\transaction_item.dart
DA:4,0
DA:22,0
DA:23,0
DA:24,0
DA:25,0
DA:26,0
DA:27,0
DA:28,0
DA:29,0
DA:30,0
LF:10
LH:0
end_of_record
SF:lib\features\currency\presentation\cubit\currency_state.dart
DA:9,8
DA:11,0
DA:12,0
DA:31,0
DA:36,0
DA:37,0
DA:45,8
DA:50,0
DA:51,0
LF:9
LH:2
end_of_record
SF:lib\features\currency\presentation\cubit\currency_cubit.dart
DA:17,0
DA:28,0
DA:31,0
DA:33,0
DA:34,0
DA:36,0
LF:6
LH:0
end_of_record
SF:lib\features\currency\presentation\widgets\total_spent_card.dart
DA:13,16
DA:15,0
DA:17,0
DA:19,0
DA:26,0
DA:28,0
DA:29,0
DA:31,0
DA:33,0
DA:35,0
DA:36,0
DA:38,0
DA:41,0
DA:42,0
DA:43,0
DA:49,0
DA:50,0
DA:52,0
DA:54,0
DA:55,0
DA:56,0
LF:21
LH:1
end_of_record
SF:lib\features\home\presentation\pages\home_page.dart
DA:8,0
DA:10,0
DA:11,0
DA:29,0
DA:31,0
DA:32,0
DA:35,0
DA:37,0
DA:38,0
DA:41,0
DA:43,0
DA:44,0
DA:45,0
DA:46,0
DA:47,0
DA:48,0
DA:49,0
DA:51,0
DA:53,0
DA:55,0
DA:59,0
DA:60,0
DA:61,0
DA:62,0
DA:63,0
DA:65,0
DA:66,0
DA:70,0
DA:71,0
DA:76,0
DA:78,0
DA:87,0
DA:92,0
DA:93,0
DA:94,0
DA:100,0
DA:101,0
DA:102,0
DA:109,0
DA:113,0
DA:116,0
DA:117,0
DA:119,0
DA:121,0
DA:123,0
DA:124,0
DA:130,0
LF:47
LH:0
end_of_record
SF:lib\features\transactions\presentation\pages\transactions_page.dart
DA:11,8
DA:13,0
DA:15,0
DA:16,0
DA:17,0
DA:18,0
DA:20,0
DA:21,0
DA:30,8
DA:32,0
DA:33,0
DA:45,0
DA:47,0
DA:48,0
DA:51,0
DA:53,0
DA:54,0
DA:55,0
DA:56,0
DA:59,0
DA:60,0
DA:62,0
DA:63,0
DA:67,0
DA:68,0
DA:69,0
DA:72,0
DA:73,0
DA:74,0
DA:75,0
DA:76,0
DA:79,0
DA:81,0
DA:82,0
DA:83,0
DA:87,0
DA:88,0
DA:93,0
DA:94,0
DA:95,0
DA:96,0
DA:97,0
DA:98,0
DA:99,0
DA:102,0
DA:103,0
DA:105,0
DA:108,0
DA:109,0
DA:110,0
DA:112,0
DA:117,0
DA:118,0
DA:119,0
DA:120,0
DA:121,0
DA:122,0
DA:123,0
DA:124,0
DA:126,0
DA:127,0
DA:129,0
DA:130,0
DA:132,0
DA:133,0
DA:134,0
DA:135,0
DA:136,0
DA:137,0
DA:138,0
DA:140,0
DA:145,0
DA:146,0
DA:148,0
DA:149,0
DA:150,0
DA:160,0
DA:161,0
DA:162,0
DA:169,0
DA:170,0
DA:177,0
DA:181,0
DA:182,0
DA:183,0
DA:185,0
DA:186,0
DA:187,0
DA:188,0
DA:189,0
DA:190,0
DA:192,0
DA:193,0
DA:200,0
DA:202,0
DA:203,0
DA:205,0
DA:206,0
DA:207,0
DA:208,0
DA:209,0
DA:216,0
DA:220,0
DA:225,0
DA:228,0
DA:229,0
DA:230,0
DA:231,0
DA:233,0
DA:235,0
DA:237,0
DA:238,0
DA:239,0
DA:240,0
DA:244,0
DA:246,0
DA:249,0
DA:251,0
DA:252,0
DA:254,0
DA:260,0
DA:261,0
DA:265,0
DA:266,0
DA:268,0
LF:125
LH:2
end_of_record
SF:lib\features\manage_cards\data\repositories\manage_cards_repository_impl.dart
DA:10,1
DA:14,1
DA:17,2
DA:18,4
DA:19,1
DA:20,1
DA:21,2
DA:25,1
DA:28,1
DA:29,1
DA:30,1
DA:31,1
DA:32,1
DA:33,1
DA:35,2
DA:37,1
DA:38,2
LF:17
LH:17
end_of_record
SF:lib\features\manage_cards\domain\usecases\create_card.dart
DA:8,1
DA:12,1
DA:14,3
DA:20,2
DA:24,0
DA:25,0
LF:6
LH:4
end_of_record
SF:lib\features\manage_cards\domain\usecases\get_cards.dart
DA:7,1
DA:11,1
DA:13,2
LF:3
LH:3
end_of_record
SF:lib\features\manage_cards\presentation\cards_list\cubit\cards_list_cubit.dart
DA:7,1
DA:8,1
DA:17,1
DA:18,1
DA:19,3
DA:20,1
DA:21,4
DA:22,1
DA:23,1
DA:24,1
DA:26,2
LF:11
LH:11
end_of_record
SF:lib\features\manage_cards\presentation\cards_list\pages\cards_list_page.dart
DA:10,8
DA:12,0
DA:14,0
DA:15,0
DA:16,0
DA:17,0
DA:27,8
DA:29,0
DA:31,0
DA:32,0
DA:33,0
DA:34,0
DA:35,0
DA:36,0
DA:37,0
DA:41,0
DA:43,0
DA:52,0
DA:56,0
DA:58,0
DA:59,0
DA:60,0
DA:61,0
DA:63,0
DA:64,0
DA:65,0
DA:66,0
DA:69,0
DA:71,0
DA:72,0
LF:30
LH:2
end_of_record
SF:lib\injection_container.dart
DA:8,0
DA:10,0
DA:12,0
DA:13,0
DA:14,0
DA:15,0
DA:18,0
DA:19,0
DA:20,0
DA:21,0
DA:23,0
DA:26,0
DA:28,0
DA:29,0
DA:30,0
DA:31,0
DA:32,0
DA:33,0
DA:34,0
DA:37,0
DA:38,0
DA:40,0
DA:41,0
DA:45,0
DA:47,0
DA:48,0
DA:51,0
DA:52,0
DA:55,0
DA:56,0
DA:60,0
DA:61,0
DA:62,0
DA:67,0
DA:69,0
DA:72,0
DA:73,0
DA:77,0
DA:78,0
DA:82,0
DA:83,0
DA:87,0
DA:89,0
DA:90,0
DA:92,0
DA:93,0
DA:94,0
DA:95,0
DA:96,0
DA:97,0
DA:100,0
DA:101,0
DA:102,0
DA:105,0
DA:106,0
DA:110,0
DA:112,0
DA:115,0
DA:116,0
DA:117,0
DA:118,0
DA:121,0
DA:123,0
DA:124,0
DA:127,0
DA:128,0
DA:129,0
DA:131,0
DA:132,0
LF:69
LH:0
end_of_record
SF:lib\features\manage_cards\presentation\cards_list\widgets\card_item_widget.dart
DA:6,0
DA:13,0
DA:15,0
DA:17,0
DA:21,0
DA:24,0
DA:25,0
DA:26,0
DA:30,0
DA:31,0
DA:32,0
DA:33,0
DA:39,0
DA:41,0
DA:42,0
DA:44,0
DA:45,0
DA:46,0
DA:49,0
DA:51,0
DA:57,0
DA:59,0
DA:62,0
DA:63,0
DA:67,0
DA:69,0
DA:70,0
DA:73,0
DA:74,0
DA:76,0
DA:78,0
DA:79,0
LF:32
LH:0
end_of_record
SF:lib\features\manage_cards\presentation\cards_list\widgets\cards_list_loading_widget.dart
DA:9,8
DA:11,0
DA:13,0
DA:14,0
DA:15,0
DA:16,0
DA:19,0
DA:20,0
DA:23,0
DA:25,0
DA:26,0
DA:28,0
LF:12
LH:1
end_of_record
SF:lib\features\manage_cards\presentation\create_card\cubit\create_card_cubit.dart
DA:8,1
DA:9,1
DA:14,1
DA:15,1
DA:16,1
DA:17,3
DA:19,1
DA:20,3
DA:27,1
DA:28,1
DA:29,4
DA:30,1
DA:31,3
DA:38,1
DA:39,1
DA:40,4
DA:43,1
DA:44,1
DA:45,4
DA:48,0
DA:49,0
DA:52,1
DA:53,3
DA:54,7
DA:58,1
DA:59,3
DA:60,7
DA:64,1
DA:65,4
DA:66,4
DA:67,4
DA:68,4
DA:70,1
DA:71,3
DA:79,2
DA:83,4
DA:85,1
DA:86,2
DA:87,1
DA:88,1
DA:89,2
DA:90,1
DA:93,3
DA:95,1
DA:96,2
DA:97,3
DA:99,1
DA:102,5
LF:48
LH:46
end_of_record
SF:lib\features\manage_cards\presentation\create_card\models\balance_input.dart
DA:22,16
DA:23,2
DA:25,1
DA:27,1
DA:30,1
DA:34,2
LF:6
LH:6
end_of_record
SF:lib\features\manage_cards\presentation\create_card\models\card_color_input.dart
DA:16,16
DA:17,2
DA:19,1
LF:3
LH:3
end_of_record
SF:lib\features\manage_cards\presentation\create_card\models\card_name_input.dart
DA:22,16
DA:23,3
DA:25,3
DA:27,1
DA:29,1
DA:32,2
DA:35,2
LF:7
LH:7
end_of_record
SF:lib\features\manage_cards\presentation\create_card\models\cardholder_input.dart
DA:16,16
DA:17,3
DA:19,1
DA:21,1
LF:4
LH:4
end_of_record
SF:lib\features\manage_cards\presentation\create_card\pages\create_card_page.dart
DA:11,8
DA:13,0
DA:15,0
DA:16,0
DA:17,0
DA:18,0
DA:28,8
DA:30,0
DA:32,0
DA:33,0
DA:34,0
DA:35,0
DA:36,0
DA:37,0
DA:43,0
DA:45,0
DA:46,0
DA:47,0
DA:48,0
DA:49,0
DA:50,0
DA:55,0
DA:56,0
DA:57,0
DA:58,0
DA:59,0
DA:60,0
DA:61,0
DA:62,0
DA:63,0
DA:69,0
DA:70,0
DA:71,0
DA:72,0
DA:73,0
DA:74,0
DA:75,0
DA:76,0
DA:78,0
DA:79,0
DA:85,0
DA:88,0
DA:89,0
DA:90,0
DA:91,0
DA:92,0
DA:93,0
DA:95,0
DA:96,0
DA:97,0
DA:98,0
DA:101,0
DA:103,0
DA:113,0
DA:114,0
DA:116,0
DA:117,0
DA:118,0
DA:119,0
DA:120,0
DA:123,0
DA:124,0
DA:127,0
DA:130,0
DA:131,0
DA:133,0
DA:134,0
DA:135,0
DA:137,0
DA:139,0
DA:140,0
DA:142,0
DA:151,0
DA:152,0
DA:154,0
DA:155,0
DA:156,0
DA:160,0
DA:161,0
DA:163,0
DA:164,0
DA:169,0
DA:170,0
DA:172,0
DA:173,0
DA:174,0
DA:177,0
DA:179,0
DA:180,0
DA:181,0
DA:183,0
DA:185,0
DA:186,0
DA:189,0
DA:190,0
DA:191,0
DA:192,0
DA:201,0
DA:205,0
DA:206,0
DA:207,0
DA:208,0
DA:209,0
DA:210,0
DA:211,0
DA:212,0
DA:218,0
DA:220,0
DA:221,0
DA:222,0
DA:224,0
DA:226,0
DA:227,0
DA:228,0
DA:229,0
DA:233,0
DA:234,0
DA:236,0
DA:239,0
DA:240,0
DA:241,0
DA:242,0
DA:244,0
DA:254,0
DA:259,0
DA:263,0
DA:264,0
DA:268,0
DA:269,0
DA:273,0
DA:275,0
DA:281,0
DA:285,0
DA:287,0
DA:290,0
DA:291,0
DA:292,0
DA:294,0
DA:295,0
DA:298,0
DA:300,0
DA:303,0
LF:142
LH:2
end_of_record
SF:lib\features\transaction_details\data\datasources\transaction_details_local_data_source.dart
DA:14,0
DA:17,0
DA:19,0
DA:21,0
DA:23,0
DA:27,0
DA:29,0
LF:7
LH:0
end_of_record
SF:lib\features\transaction_details\data\datasources\transaction_details_remote_data_source.dart
DA:14,0
DA:17,0
DA:22,0
DA:23,0
DA:24,0
DA:25,0
LF:6
LH:0
end_of_record
SF:lib\features\transaction_details\data\models\transaction_details_model.dart
DA:21,0
DA:22,0
DA:26,0
DA:27,0
DA:28,0
DA:29,0
DA:30,0
DA:31,0
DA:32,0
DA:33,0
DA:34,0
LF:11
LH:0
end_of_record
SF:lib\features\transaction_details\data\models\transaction_details_model.g.dart
DA:14,0
DA:16,0
DA:17,0
DA:18,0
DA:20,0
DA:21,0
DA:22,0
DA:23,0
DA:24,0
DA:25,0
DA:26,0
DA:27,0
DA:31,0
DA:34,0
DA:35,0
DA:36,0
DA:37,0
DA:38,0
DA:39,0
DA:40,0
DA:41,0
DA:42,0
DA:43,0
DA:44,0
DA:45,0
DA:46,0
DA:47,0
DA:48,0
DA:51,0
DA:52,0
DA:54,0
DA:57,0
DA:58,0
DA:59,0
DA:66,0
DA:68,0
DA:69,0
DA:70,0
DA:71,0
DA:72,0
DA:73,0
DA:74,0
DA:75,0
DA:78,0
DA:80,0
DA:81,0
DA:82,0
DA:83,0
DA:84,0
DA:85,0
DA:86,0
DA:87,0
LF:52
LH:0
end_of_record
SF:lib\features\transaction_details\data\repositories\transaction_details_repository_impl.dart
DA:6,0
DA:15,0
DA:19,0
DA:21,0
DA:24,0
DA:25,0
DA:26,0
DA:27,0
DA:31,0
DA:34,0
DA:35,0
DA:36,0
LF:12
LH:0
end_of_record
SF:lib\features\transaction_details\domain\entities\transaction_details.dart
DA:5,0
DA:25,0
DA:26,0
DA:27,0
DA:28,0
DA:29,0
DA:30,0
DA:31,0
DA:32,0
DA:33,0
LF:10
LH:0
end_of_record
SF:lib\features\transaction_details\domain\usecases\get_transaction_details.dart
DA:8,0
DA:11,0
DA:13,0
DA:18,0
DA:21,0
DA:22,0
LF:6
LH:0
end_of_record
SF:lib\features\transaction_details\presentation\cubit\transaction_details_cubit.dart
DA:5,0
DA:6,0
DA:12,0
DA:13,0
DA:14,0
DA:15,0
DA:16,0
DA:17,0
DA:18,0
DA:21,0
DA:22,0
LF:11
LH:0
end_of_record
SF:lib\features\transaction_details\presentation\pages\transaction_details_page.dart
DA:10,0
DA:15,0
DA:25,0
DA:26,0
DA:27,0
DA:35,8
DA:37,0
DA:39,0
DA:40,0
DA:43,0
DA:44,0
DA:45,0
DA:46,0
DA:47,0
DA:48,0
DA:49,0
DA:57,0
DA:58,0
DA:62,0
DA:66,0
DA:67,0
DA:69,0
DA:70,0
DA:72,0
DA:73,0
DA:75,0
DA:78,0
DA:79,0
DA:80,0
DA:88,0
DA:89,0
DA:90,0
DA:92,0
DA:94,0
DA:97,0
DA:98,0
DA:108,0
DA:111,0
DA:113,0
DA:114,0
DA:116,0
DA:117,0
DA:119,0
DA:120,0
DA:121,0
DA:122,0
DA:125,0
DA:126,0
DA:129,0
DA:131,0
DA:133,0
DA:143,0
DA:146,0
DA:148,0
DA:149,0
DA:151,0
DA:152,0
DA:154,0
DA:157,0
DA:160,0
DA:163,0
DA:167,0
DA:170,0
DA:183,0
DA:193,0
DA:195,0
DA:196,0
DA:198,0
DA:199,0
DA:200,0
DA:202,0
DA:203,0
DA:205,0
DA:206,0
DA:208,0
LF:75
LH:1
end_of_record
SF:lib\features\transaction_details\presentation\widgets\transaction_details_loading_widget.dart
DA:5,0
DA:9,0
DA:11,0
DA:13,0
DA:14,0
DA:15,0
DA:16,0
DA:18,0
DA:19,0
DA:21,0
DA:23,0
DA:24,0
DA:25,0
DA:26,0
DA:36,0
DA:40,0
DA:42,0
DA:43,0
DA:44,0
DA:45,0
DA:46,0
DA:47,0
LF:22
LH:0
end_of_record
SF:lib\features\transaction_details\presentation\widgets\transaction_details_widget.dart
DA:14,0
DA:19,0
DA:21,0
DA:22,0
DA:24,0
DA:26,0
DA:28,0
DA:30,0
DA:32,0
DA:33,0
DA:34,0
DA:35,0
DA:37,0
DA:40,0
DA:41,0
DA:42,0
DA:43,0
DA:44,0
DA:52,0
DA:54,0
DA:55,0
DA:56,0
DA:58,0
DA:59,0
DA:62,0
DA:63,0
DA:65,0
DA:66,0
DA:68,0
DA:69,0
DA:70,0
DA:81,0
DA:83,0
DA:92,0
DA:94,0
DA:97,0
DA:105,0
DA:106,0
DA:108,0
DA:109,0
DA:110,0
DA:111,0
DA:117,0
DA:122,0
DA:124,0
DA:125,0
DA:126,0
LF:47
LH:0
end_of_record
SF:lib\features\transactions\data\datasources\transactions_local_data_source.dart
DA:28,0
DA:31,0
DA:34,0
DA:36,0
DA:40,0
DA:43,0
DA:48,0
DA:50,0
DA:53,0
DA:56,0
LF:10
LH:0
end_of_record
SF:lib\features\transactions\data\datasources\transactions_remote_data_source.dart
DA:13,0
DA:16,0
DA:19,0
DA:20,0
DA:23,0
DA:24,0
DA:27,0
DA:30,0
LF:8
LH:0
end_of_record
SF:lib\features\transactions\data\models\transaction_item_model.dart
DA:21,0
DA:22,0
DA:26,0
DA:27,0
DA:28,0
DA:29,0
DA:30,0
DA:31,0
DA:32,0
DA:33,0
DA:34,0
LF:11
LH:0
end_of_record
SF:lib\features\transactions\data\models\transaction_item_model.g.dart
DA:13,0
DA:15,0
DA:16,0
DA:17,0
DA:19,0
DA:20,0
DA:21,0
DA:22,0
DA:23,0
DA:24,0
DA:25,0
DA:26,0
DA:30,0
DA:33,0
DA:34,0
DA:35,0
DA:36,0
DA:37,0
DA:38,0
DA:39,0
DA:40,0
DA:41,0
DA:42,0
DA:43,0
DA:44,0
DA:45,0
DA:46,0
DA:47,0
DA:50,0
DA:51,0
DA:53,0
DA:56,0
DA:57,0
DA:58,0
DA:65,0
DA:67,0
DA:68,0
DA:69,0
DA:70,0
DA:71,0
DA:72,0
DA:73,0
DA:74,0
DA:77,0
DA:79,0
DA:80,0
DA:81,0
DA:82,0
DA:83,0
DA:84,0
DA:85,0
DA:86,0
LF:52
LH:0
end_of_record
SF:lib\features\transactions\data\models\transactions_model.dart
DA:15,0
DA:16,0
DA:20,1
DA:21,1
DA:22,3
LF:5
LH:3
end_of_record
SF:lib\features\transactions\data\models\transactions_model.g.dart
DA:13,0
DA:15,0
DA:16,0
DA:17,0
DA:19,0
DA:20,0
DA:24,0
DA:27,0
DA:28,0
DA:29,0
DA:32,0
DA:33,0
DA:35,0
DA:38,0
DA:39,0
DA:40,0
DA:47,0
DA:49,0
DA:50,0
DA:51,0
DA:52,0
DA:55,0
DA:57,0
DA:58,0
LF:24
LH:0
end_of_record
SF:lib\features\transactions\data\repositories\transactions_repository_impl.dart
DA:6,1
DA:15,1
DA:17,2
DA:19,2
DA:20,2
DA:21,2
DA:22,1
DA:23,2
DA:27,2
DA:28,2
DA:29,1
DA:30,2
LF:12
LH:12
end_of_record
SF:lib\features\transactions\domain\entities\transactions.dart
DA:5,1
DA:9,1
DA:10,2
LF:3
LH:3
end_of_record
SF:lib\features\transactions\domain\usecases\get_transactions.dart
DA:6,1
DA:9,1
DA:11,2
LF:3
LH:3
end_of_record
SF:lib\features\transactions\presentation\cubit\transaction_cubit.dart
DA:6,1
DA:7,1
DA:10,1
DA:11,1
DA:12,3
DA:13,1
DA:14,4
DA:15,1
DA:16,3
LF:9
LH:9
end_of_record
SF:lib\features\transactions\presentation\widgets\transaction_item_widget.dart
DA:15,0
DA:27,0
DA:29,0
DA:30,0
DA:31,0
DA:33,0
DA:34,0
DA:35,0
DA:41,0
DA:42,0
DA:44,0
DA:45,0
DA:54,0
DA:55,0
DA:57,0
DA:58,0
DA:59,0
DA:64,0
DA:65,0
DA:66,0
DA:75,0
DA:76,0
DA:77,0
DA:78,0
DA:79,0
LF:25
LH:0
end_of_record
SF:lib\features\transactions\presentation\widgets\transaction_loading_widget.dart
DA:7,0
DA:11,0
DA:13,0
DA:15,0
DA:18,0
DA:22,0
DA:23,0
DA:30,0
DA:32,0
DA:33,0
DA:34,0
DA:41,0
DA:42,0
DA:43,0
DA:45,0
DA:47,0
DA:48,0
DA:49,0
LF:18
LH:0
end_of_record
